<?xml version="1.0" encoding="UTF-8"?>
<testng-results ignored="0" total="1" passed="1" failed="0" skipped="0">
  <reporter-output>
  </reporter-output>
  <suite started-at="2024-10-03T22:31:07 IST" name="Default suite" finished-at="2024-10-03T22:32:05 IST" duration-ms="57997">
    <groups>
    </groups>
    <test started-at="2024-10-03T22:31:07 IST" name="Default test" finished-at="2024-10-03T22:32:05 IST" duration-ms="57997">
      <class name="com.srtf.testcases.PaymentTestCase">
        <test-method is-config="true" signature="setUp()[pri:0, instance:com.srtf.testcases.PaymentTestCase@59402b8f]" started-at="2024-10-03T22:31:07 IST" name="setUp" finished-at="2024-10-03T22:31:28 IST" duration-ms="21156" status="PASS">
          <reporter-output>
          </reporter-output>
        </test-method> <!-- setUp -->
        <test-method signature="testcourses()[pri:1, instance:com.srtf.testcases.PaymentTestCase@59402b8f]" started-at="2024-10-03T22:31:28 IST" name="testcourses" finished-at="2024-10-03T22:32:00 IST" duration-ms="31856" status="PASS">
          <reporter-output>
          </reporter-output>
        </test-method> <!-- testcourses -->
        <test-method is-config="true" signature="tearDown()[pri:0, instance:com.srtf.testcases.PaymentTestCase@59402b8f]" started-at="2024-10-03T22:32:00 IST" name="tearDown" finished-at="2024-10-03T22:32:05 IST" duration-ms="4880" status="PASS">
          <reporter-output>
          </reporter-output>
        </test-method> <!-- tearDown -->
      </class> <!-- com.srtf.testcases.PaymentTestCase -->
    </test> <!-- Default test -->
  </suite> <!-- Default suite -->
</testng-results>
