<?xml version="1.0" encoding="UTF-8"?>
<testng-results ignored="0" total="1" passed="1" failed="0" skipped="0">
  <reporter-output>
  </reporter-output>
  <suite started-at="2024-10-05T13:08:34 IST" name="Suite" finished-at="2024-10-05T13:10:01 IST" duration-ms="87626">
    <groups>
    </groups>
    <test started-at="2024-10-05T13:08:34 IST" name="Test" finished-at="2024-10-05T13:10:01 IST" duration-ms="87626">
      <class name="com.srtf.testcases.PaymentTestCase">
        <test-method is-config="true" signature="setUp()[pri:0, instance:com.srtf.testcases.PaymentTestCase@222545dc]" started-at="2024-10-05T13:08:34 IST" name="setUp" finished-at="2024-10-05T13:09:11 IST" duration-ms="37034" status="PASS">
          <reporter-output>
          </reporter-output>
        </test-method> <!-- setUp -->
        <test-method signature="testcourses()[pri:1, instance:com.srtf.testcases.PaymentTestCase@222545dc]" started-at="2024-10-05T13:09:11 IST" name="testcourses" finished-at="2024-10-05T13:09:54 IST" duration-ms="42694" status="PASS">
          <reporter-output>
          </reporter-output>
        </test-method> <!-- testcourses -->
        <test-method is-config="true" signature="tearDown()[pri:0, instance:com.srtf.testcases.PaymentTestCase@222545dc]" started-at="2024-10-05T13:09:54 IST" name="tearDown" finished-at="2024-10-05T13:10:01 IST" duration-ms="6822" status="PASS">
          <reporter-output>
          </reporter-output>
        </test-method> <!-- tearDown -->
      </class> <!-- com.srtf.testcases.PaymentTestCase -->
    </test> <!-- Test -->
  </suite> <!-- Suite -->
</testng-results>
